<?xml version="1.0" encoding="UTF-8"?>
<!-- Generated by org.testng.reporters.JUnitReportReporter -->
<testsuite hostname="DESKTOP-1H225B7" name="Academy.HomePage" tests="2" failures="0" timestamp="25 Jul 2019 09:08:13 GMT" time="29.084" errors="0">
  <testcase name="homeTest" time="17.184" classname="Academy.HomePage"/>
  <testcase name="homeTest" time="11.900" classname="Academy.HomePage"/>
</testsuite> <!-- Academy.HomePage -->
